"blank"		"=========================="
"blank"		"#Valve_Movement_Title"
"blank"		"=========================="
"+forward"	"#Valve_Move_Forward"
"+back"		"#Valve_Move_Back"
"+moveleft"	"#Valve_Move_Left"
"+moveright"	"#Valve_Move_Right"
"+speed"       	"#Valve_Walk"
"+jump"		"#Valve_Jump"
"+duck"		"#Valve_Duck"
"blank"		"=========================="
"blank"		"#Valve_Combat_Title"
"blank"		"=========================="
"+attack"	"#Valve_Primary_Attack"
"+attack2"	"#Valve_Secondary_Attack"
"+reload"	"#Valve_Reload_Weapon"
"+alt1"		"#DAB_Stunt"
"activatemeter"	"#DAB_Activate_Meter"
"slot1"		"#Valve_Weapon_Category_1"
"slot2"		"#Valve_Weapon_Category_2"
"slot3" 	"#Valve_Weapon_Category_3"
"slot4"		"#Valve_Weapon_Category_4"
"slot5"		"#Valve_Weapon_Category_5"
"slot6"		"#Valve_Weapon_Category_6"
"slot7"		"#Valve_Weapon_Category_7"
"slot8"		"#Valve_Weapon_Category_8"
"slot9"		"#Valve_Weapon_Category_9"
"invnext"	"#Valve_Next_Weapon"
"invprev"	"#Valve_Previous_Weapon"
"lastinv"	"#Valve_Last_Weapon_Used"
"blank"		"=========================="
"blank"		"#Valve_Communication_Title"
"blank"		"=========================="
"+voicerecord"	"#Valve_Use_Voice_Communication"
"messagemode"	"#Valve_Chat_Message"
"messagemode2"	"#Valve_Team_Message"
"blank"		"=========================="
"blank"		"#Valve_Miscellaneous_Title"
"blank"		"=========================="
"buy"		"#DAB_Open_Buy"
"character"	"#DAB_Open_Character"
"setskill"	"#DAB_Open_Skill"
"cam_thirdperson_toggle"	"#DAB_Toggle_Third_Person_Camera"
"+showscores"	"#Valve_Display_Scores"
"+use"		"#Valve_Use_Items"
"impulse 100"	"#Valve_Flashlight"
"impulse 201"	"#Valve_Spray_Logo"
"jpeg"		"#Valve_Take_Screen_Shot"
"quit"		"#Valve_Quit_Game"
"blank"		"=========================="
"blank"		"#Valve_Miscellaneous_Keyboard_Keys_Title"
"blank"		"=========================="
"+left"		"#Valve_Turn_Left"
"+right"	"#Valve_Turn_Right"
"+moveup"	"#Valve_Swim_Up"
"+movedown"	"#Valve_Swim_Down"
"+lookup"	"#Valve_Look_Up"
"+lookdown"	"#Valve_Look_Down"
"+strafe"	"#Valve_Strafe_Modifier"
"+klook"	"#Valve_Keyboard_Look_Modifier"

