"blank"		"=========================="
"blank"		"#Valve_Movement_Title"
"blank"		"=========================="
"+forward"	"#Valve_Move_Forward"
"+back"		"#Valve_Move_Back"
"+moveleft"	"#Valve_Move_Left"
"+moveright" "#Valve_Move_Right"
"+speed"    "#DA_AimIn"
"+jump"		"#Valve_Jump"
"+duck"		"#Valve_Duck"
"blank"		"=========================="
"blank"		"#Valve_Combat_Title"
"blank"		"=========================="
"+attack"	"#Valve_Primary_Attack"
"+attack2"	"#Valve_Secondary_Attack"
"+reload"	"#Valve_Reload_Weapon"
"+alt1"		"#DA_Stunt"
"+alt2"		"#DA_Throw_Grenade"
"activateslowmo"	"#DA_Activate_SlowMo"
"slot1"		"#Valve_Weapon_Category_1"
"slot2"		"#Valve_Weapon_Category_2"
"slot3" 	"#Valve_Weapon_Category_3"
"slot4"		"#Valve_Weapon_Category_4"
"slot5"		"#Valve_Weapon_Category_5"
"invnext"	"#Valve_Next_Weapon"
"invprev"	"#Valve_Previous_Weapon"
"lastinv"	"#Valve_Last_Weapon_Used"
"drop"		"#DA_Drop_Weapon"
"blank"		"=========================="
"blank"		"#Valve_Communication_Title"
"blank"		"=========================="
"+voicerecord"	"#Valve_Use_Voice_Communication"
"messagemode"	"#Valve_Chat_Message"
"messagemode2"	"#Valve_Team_Message"
"blank"		"=========================="
"blank"		"#Valve_Miscellaneous_Title"
"blank"		"=========================="
"buy"		"#DA_Open_Buy"
"character"	"#DA_Open_Character"
"setskill"	"#DA_Open_Skill"
"cam_thirdperson_toggle" "#DA_Toggle_Third_Person_Camera"
"cam_thirdperson_switch" "#DA_Switch_Third_Person_Camera"
"callvote"  "#DA_Call_Vote"
"+showscores"	"#Valve_Display_Scores"
"+use"		"#Valve_Use_Items"
"impulse 201"	"#Valve_Spray_Logo"
"jpeg"		"#Valve_Take_Screen_Shot"
"quit"		"#Valve_Quit_Game"

